         w __deregister_frame_info
         w __register_frame_info
         w _ITM_deregisterTMCloneTable
         w _ITM_registerTMCloneTable
00000000 b .LANCHOR1
00000000 00000401 b __fixedpath
00000000 b _TLS_MODULE_BASE_
00000000 a shift
00000404 b .LANCHOR3
00000404 00000802 b __utf16path
00000c08 b .LANCHOR5
00000c08 00000802 b __utf16path_old.8583
00100000 A __start__
00100000 T _start
00100008 T __service_ptr
0010000c T __apt_appid
00100010 T __heap_size
00100014 T __linear_heap_size
00100018 T __system_arglist
0010001c T __system_runflags
00100020 t startup
00100058 t ClearMem
0010006c t ClrLoop
00100094 T _init
001000ac T initSystem
001000f0 T __ctru_exit
00100110 t .udivsi3_skip_div0_test
00100110 T __aeabi_uidiv
00100110 000001ec T __udivsi3
001002fc 00000020 T __aeabi_uidivmod
0010031c 00000004 W __aeabi_idiv0
0010031c 00000004 W __aeabi_ldiv0
00100320 T __aeabi_drsub
00100328 000002b0 T __aeabi_dsub
00100328 000002b0 T __subdf3
0010032c 000002ac T __adddf3
0010032c 000002ac T __aeabi_dadd
001005d8 00000024 T __aeabi_ui2d
001005d8 00000024 T __floatunsidf
001005fc 00000028 T __aeabi_i2d
001005fc 00000028 T __floatsidf
00100624 00000048 T __aeabi_f2d
00100624 00000048 T __extendsfdf2
0010066c 00000074 T __aeabi_ul2d
0010066c 00000074 T __floatundidf
00100680 00000060 T __aeabi_l2d
00100680 00000060 T __floatdidf
001006e0 T __aeabi_uldivmod
00100728 00000390 T strcmp
00100ab0 t deregister_tm_clones
00100adc t register_tm_clones
00100b14 t __do_global_dtors_aux
00100b58 t frame_dummy
00100b8c 000000e0 T main
00100c6c 000000e0 T Aer_CreateSprite
00100d4c 00000038 T Aer_SpriteCenter
00100d84 00000108 T Aer_DrawSprite
00100e8c 00000028 T Aer_PrepareScene
00100eb4 00000030 T Aer_RenderScreen
00100ee4 0000001c T Aer_DefineLibs
00100f00 00000038 T Aer_SpritePosition
00100f38 0000010c T Aer_SpriteDPadMove
00101044 00000020 T Aer_SpriteCollisionBox
00101064 00000090 T Aer_SpriteTouched
001010f4 0000007c T Aer_SpriteScale
00101170 000000ec T Aer_ChangeSprite
00101260 00000044 T Aer_SpriteRotate
001012a4 00000018 T Aer_BreakCheck
001012bc 000000b4 T Aer_SpriteAnimate
00101370 00000068 T Aer_DPadMove
001013d8 00000048 T Aer_CameraFollow
00101420 0000001c T Aer_spr_x
0010143c 0000001c T Aer_spr_y
00101458 00000054 T Aer_SpriteConnects
001014ac 00000020 T Aer_KeyHeld
001014cc 00000138 T Aer_SolidSpaceChecker
00101604 000000dc T Aer_SpriteSmartPlaceRestore
001016e0 00000014 T Aer_RenderDistaneOptimize
001016f4 00000024 T Aer_CameraShiftCenter
00101718 00000050 T Aer_InitIndicator
00101768 00000130 T Aer_DrawIndicator
00101898 0000002c T Aer_MoveTimer
001018c4 00000010 T Aer_TimerDone
001018d4 00000020 T Aer_ResetTimer
001018f4 00000038 T LoadMap
0010192c 00000774 T Draw_001_top
001020a0 00000004 T Draw_001_bottom
001020a4 00000330 T C2D_Init
001023d4 00000044 T C2D_Fini
00102418 000000c8 T C2D_Prepare
001024e0 0000010c T C2D_SceneSize
001025ec 00000044 T C2D_CreateScreenTarget
00102630 0000013c T C2Di_CalcQuad
0010276c 00000030 T C2Di_FlushVtxBuf
0010279c 00000020 t C2Di_FrameEndHook
001027bc 00000018 T C2D_Flush
001027d4 00000030 T C2D_TargetClear
00102804 00000210 T C2Di_Update
00102a14 000002ec T C2D_DrawImage
00102d00 0000006c T C2D_SpriteSheetLoadFromHandle
00102d6c 00000034 T C2D_SpriteSheetLoad
00102da0 00000028 T C2D_SpriteSheetFree
00102dc8 00000028 T C2D_SpriteSheetGetImage
00102df0 000000c4 t C3Di_SplitFrame.part.1
00102eb4 00000004 W C3Di_LightEnvUpdate
00102eb8 00000004 W C3Di_LightEnvDirty
00102ebc 000000ac t C3Di_AptEventHook
00102f68 00000004 W C3Di_GasUpdate
00102f6c 0000021c T C3D_Init
00103188 00000098 T C3D_SetViewport
00103220 0000050c T C3Di_UpdateContext
0010372c 00000020 T C3Di_SplitFrame
0010374c 00000064 T C3D_Fini
001037b0 00000114 T C3D_BindProgram
001038c4 00000054 t C3Di_RenderQueueInit
00103918 00000080 t C3Di_RenderTargetDestroy
00103998 000000ac t onVBlank1
00103a44 0000013c t onVBlank0
00103b80 0000000c t C3Di_RenderTargetNew
00103b8c 0000007c t C3Di_WaitAndClearQueue
00103c08 000000c0 t onQueueFinish
00103cc8 00000044 t C3D_FrameSplit.part.6
00103d0c 00000030 T C3D_FrameSync
00103d3c 000000a0 T C3Di_RenderQueueExit
00103ddc 00000020 T C3Di_RenderQueueWaitDone
00103dfc 0000007c T C3D_FrameBegin
00103e78 00000048 T C3D_FrameDrawOn
00103ec0 00000018 T C3D_FrameSplit
00103ed8 00000164 T C3D_FrameEnd
0010403c 0000001c T C3D_FrameEndHook
00104058 0000017c T C3D_RenderTargetCreate
001041d4 0000004c T C3D_RenderTargetSetOutput
00104220 000000b4 T C3D_SyncTextureCopy
001042d4 00000284 T C3D_TexInitWithParams
00104558 000000dc T C3D_TexLoadImage
00104634 00000048 T C3D_TexBind
0010467c 0000007c T C3D_TexDelete
001046f8 00000174 T C3Di_SetTex
0010486c 000003e8 t Tex3DSi_ImportCommon
00104c54 00000034 T Tex3DS_TextureImportStdio
00104c88 0000001c T Tex3DS_GetSubTexture
00104ca4 00000004 T Tex3DS_TextureFree
00104ca8 0000001c T C3D_CalcColorBufSize
00104cc4 0000001c T C3D_CalcDepthBufSize
00104ce0 00000044 T C3D_SetFrameBuf
00104d24 00000168 T C3Di_FrameBufBind
00104e8c 000000c8 T C3D_FrameBufClear
00104f54 00000048 T C3D_FrameBufTransfer
00104f9c 00000034 T C3D_GetTexEnv
00104fd0 00000024 T C3Di_TexEnvBind
00104ff4 0000006c T C3D_ProcTexInit
00105060 00000050 T C3D_ProcTexBind
001050b0 00000060 T C3D_ProcTexLutBind
00105110 000000a4 T ProcTexLut_FromArray
001051b4 00000174 T C3Di_ProcTexUpdate
00105328 00000068 T C3Di_ProcTexDirty
00105390 00000024 T BufInfo_Init
001053b4 00000084 T BufInfo_Add
00105438 00000040 T C3D_SetBufInfo
00105478 00000048 T C3Di_BufInfoBind
001054c0 00000148 T C3D_DrawArrays
00105608 00000040 T C3D_DepthMap
00105648 0000001c T C3D_CullFace
00105664 00000040 T C3D_StencilTest
001056a4 00000024 T C3D_StencilOp
001056c8 0000001c T C3D_BlendingColor
001056e4 00000024 T C3D_EarlyDepthTest
00105708 0000002c T C3D_DepthTest
00105734 0000002c T C3D_AlphaTest
00105760 00000050 T C3D_AlphaBlend
001057b0 00000030 T C3D_FragOpMode
001057e0 00000044 T C3D_FragOpShadow
00105824 000001ac T C3Di_EffectBind
001059d0 00000028 T AttrInfo_Init
001059f8 000000a0 T AttrInfo_AddLoader
00105a98 00000054 T C3D_SetAttrInfo
00105aec 00000080 T C3Di_AttrInfoBind
00105b6c 000000a4 T C3D_ImmSendAttrib
00105c10 000002b8 T C3D_UpdateUniforms
00105ec8 000000c0 T C3Di_DirtyUniforms
00105f88 000000e0 T C3Di_LoadShaderUniforms
00106068 00000028 T C3Di_ClearShaderUniforms
00106090 000000cc T Mtx_Ortho
0010615c 000000cc T Mtx_OrthoTilt
00106228 00000024 t addrMapNodeComparator(rbtree_node const*, rbtree_node const*)
0010624c 00000004 t addrMapNodeDestructor(rbtree_node*)
00106250 00000114 T vramMemAlign
00106364 00000008 T vramAlloc
0010636c 00000054 T vramFree
001063c0 00000024 t addrMapNodeComparator(rbtree_node const*, rbtree_node const*)
001063e4 00000004 t addrMapNodeDestructor(rbtree_node*)
001063e8 00000124 T linearMemAlign
0010650c 00000008 T linearAlloc
00106514 00000054 T linearFree
00106568 0000008c T MemPool::CoalesceRight(MemBlock*)
001065f4 00000174 T MemPool::Allocate(MemChunk&, unsigned long, int)
00106768 000000fc T MemPool::Deallocate(MemChunk const&)
00106864 00000008 t romfs_close
0010686c 000000d4 t romfs_seek
00106940 00000024 t romfs_dirreset
00106964 00000078 t romfs_fstat
001069dc 00000054 t _romfs_read_chk
00106a30 000000cc t romfs_read
00106afc 0000007c t romfs_free
00106b78 0000016c t romfsMountCommon
00106ce4 00000254 t romfs_dirnext
00106f38 000000bc t romfsInitMtime.isra.0
00106ff4 000000b4 t searchForFile.constprop.0
001070a8 000000b8 t searchForDir.constprop.0
00107160 000001c4 t navigateToDir.constprop.0
00107324 0000011c t romfs_open
00107440 00000204 t romfs_stat
00107644 00000054 t romfs_chdir
00107698 00000078 t romfs_diropen
00107710 00000008 t romfs_dirclose
00107718 00000344 T romfsMount
00107a5c 00000078 T romfsUnmount
00107ad4 00000058 t getSysTime
00107b2c 00000028 t __ctru_speedup_config.part.0
00107b54 0000004c T osConvertVirtToPhys
00107ba0 00000024 T osGetMemRegionUsed
00107bc8 00000128 T __libctru_gtod
00107cf0 00000018 T __ctru_speedup_config
00107d08 0000008c t gfxSetFramebufferInfo.part.0
00107d94 0000006c t gfxSetFramebufferInfo
00107e00 00000058 t gfxGetFramebuffer.part.0
00107e58 00000010 T gfxIs3D
00107e68 00000018 T __get_bytes_per_pixel
00107e80 00000184 T gfxSetScreenFormat
00108004 00000214 T gfxInit
00108218 00000010 T gfxInitDefault
00108228 000000e0 T gfxExit
00108308 00000064 T gfxGetFramebuffer
0010836c 000000f4 T gfxConfigScreen
00108460 000001f0 T shaderInstanceInit
00108650 00000034 T shaderInstanceFree
00108684 00000018 T shaderInstanceGetUniformLocation
0010869c 00000018 T shaderProgramInit
001086b4 0000002c T shaderProgramFree
001086e0 0000006c T shaderProgramSetVsh
0010874c 000008b4 T shaderProgramConfigure
00109000 000001f8 t DVLE_GenerateOutmap.part.0
001091f8 000001c8 T DVLB_ParseFile
001093c0 00000038 T DVLB_Free
001093f8 00000078 T DVLE_GetUniformRegister
00109470 00000038 t submitGxCommand
001094a8 00000010 T GX_BindQueue
001094b8 00000050 T GX_ProcessCommandList
00109508 00000054 T GX_MemoryFill
0010955c 00000048 T GX_DisplayTransfer
001095a4 0000004c T GX_TextureCopy
001095f0 00000074 t gxCmdQueueDoCommands.part.0
00109664 000000c8 T gxCmdQueueInterrupt
0010972c 0000004c T gxCmdQueueClear
00109778 000000f8 T gxCmdQueueAdd
00109870 00000080 T gxCmdQueueRun
001098f0 00000060 T gxCmdQueueStop
00109950 00000084 T gxCmdQueueWait
001099d4 0000013c T GPUCMD_Add
00109b10 000000b0 T GPUCMD_Split
00109bc0 00000040 T f32tof16
00109c00 00000040 T f32tof24
00109c40 00000044 T f32tof31
00109c84 00000074 T gspInit
00109cf8 0000003c T gspExit
00109d34 00000034 T gspSetEventCallback
00109d68 000000a4 T gspInitEventHandler
00109e0c 00000040 T gspExitEventHandler
00109e4c 00000050 T gspWaitForEvent
00109e9c 00000064 T gspWaitForAnyEvent
00109f00 00000178 t gspEventThreadMain
0010a078 00000124 T gspSubmitGxCommand
0010a19c 0000006c T GSPGPU_SetBufferSwap
0010a208 0000004c T GSPGPU_FlushDataCache
0010a254 00000034 T GSPGPU_SetLcdForceBlack
0010a288 00000064 T GSPGPU_RegisterInterruptRelayQueue
0010a2ec 0000002c T GSPGPU_UnregisterInterruptRelayQueue
0010a318 00000048 T GSPGPU_AcquireRight
0010a360 0000002c T GSPGPU_ReleaseRight
0010a38c 00000080 T GSPGPU_ImportDisplayCaptureInfo
0010a40c 0000002c T GSPGPU_SaveVramSysArea
0010a438 0000002c T GSPGPU_RestoreVramSysArea
0010a464 00000004 W _aptDebug
0010a468 00000170 T aptSendCommand
0010a5d8 0000003c t aptExitProcess
0010a614 00000030 T aptHook
0010a644 00000030 T aptUnhook
0010a674 00000050 T APT_InquireNotification
0010a6c4 00000194 t aptEventHandler
0010a858 00000074 T APT_AppletUtility
0010a8cc 000000b0 T aptSetSleepAllowed
0010a97c 000000b4 T APT_GlanceParameter
0010aa30 000000c8 T APT_ReceiveParameter
0010aaf8 000000bc t aptReceiveParameter.constprop.0
0010abb8 000001e0 t aptScreenTransfer
0010ad98 00000210 t aptWaitForWakeUp
0010afa8 00000070 T APT_CancelParameter
0010b018 0000025c T aptInit
0010b274 00000088 t aptClearParamQueue
0010b2fc 00000264 T aptMainLoop
0010b560 00000254 T aptExit
0010b7b4 0000007c T APT_CheckNew3DS
0010b830 00000028 t hidCheckSectionUpdateTime.part.0
0010b858 000000d0 T hidExit
0010b928 000001d8 T hidScanInput
0010bb00 00000010 T hidKeysHeld
0010bb10 00000090 T HIDUSER_GetHandles
0010bba0 000001a4 T hidInit
0010bd44 00000074 T ptmSysmInit
0010bdb8 0000003c T ptmSysmExit
0010bdf4 00000034 T PTMSYSM_ConfigureNew3DSCPU
0010be28 00000028 t fsSessionForArchive.part.0
0010be50 000000c4 T fsInit
0010bf14 0000003c T fsExit
0010bf50 00000064 T fsExemptFromSession
0010bfb4 0000005c T fsUnexemptFromSession
0010c010 000000bc T FSUSER_OpenFile
0010c0cc 000000d4 T FSUSER_OpenFileDirectly
0010c1a0 000000ac T FSUSER_DeleteFile
0010c24c 000000e8 T FSUSER_RenameFile
0010c334 000000ac T FSUSER_DeleteDirectory
0010c3e0 000000c4 T FSUSER_CreateFile
0010c4a4 000000b4 T FSUSER_CreateDirectory
0010c558 000000e8 T FSUSER_RenameDirectory
0010c640 000000a0 T FSUSER_OpenDirectory
0010c6e0 00000098 T FSUSER_OpenArchive
0010c778 000000a0 T FSUSER_ControlArchive
0010c818 00000078 T FSUSER_CloseArchive
0010c890 00000078 T FSUSER_GetSdmcArchiveResource
0010c908 00000064 T FSUSER_IsSdmcWritable
0010c96c 0000005c T FSFILE_Read
0010c9c8 00000064 T FSFILE_Write
0010ca2c 00000038 T FSFILE_GetSize
0010ca64 00000028 T FSFILE_SetSize
0010ca8c 0000003c T FSFILE_Close
0010cac8 00000024 T FSFILE_Flush
0010caec 00000054 T FSDIR_Read
0010cb40 0000003c T FSDIR_Close
0010cb7c 00000120 t iov_memmove
0010cc9c 000000cc t buffer_read
0010cd68 000000d8 t iov_read
0010ce40 000001c4 t decompress_rle
0010d004 00000268 t decompress_lzss
0010d26c 000002ec t decompress_huff.isra.0.part.0
0010d558 00000440 t decompress_lz11
0010d998 00000010 T decompressCallback_Stdio
0010d9a8 000000e8 T decompressHeader
0010da90 0000023c T decompressV
0010dccc 00000014 T rbtree_init
0010dce0 000001a4 t do_insert
0010de84 00000008 T rbtree_insert
0010de8c 00000090 T rbtree_rotate
0010df1c 00000334 T rbtree_remove
0010e250 00000074 T rbtree_find
0010e2c4 000000e8 T utf16_to_utf8
0010e3ac 00000060 T decode_utf16
0010e40c 000000c0 T utf8_to_utf16
0010e4cc 00000038 W __libctru_init
0010e504 00000034 t __libctru_nanosleep
0010e538 00000030 t __ctru_get_reent
0010e568 000000fc T __system_initSyscalls
0010e664 00000100 W __system_allocateHeaps
0010e764 000000f0 T __system_initArgv
0010e854 T svcControlMemory
0010e874 T svcExitProcess
0010e87c T svcCreateThread
0010e89c T svcExitThread
0010e8a4 T svcSleepThread
0010e8ac T svcReleaseMutex
0010e8b4 T svcCreateEvent
0010e8c8 T svcSignalEvent
0010e8d0 T svcClearEvent
0010e8d8 T svcMapMemoryBlock
0010e8e0 T svcUnmapMemoryBlock
0010e8e8 T svcCreateAddressArbiter
0010e8fc T svcArbitrateAddress
0010e914 T svcCloseHandle
0010e91c T svcWaitSynchronization
0010e924 T svcWaitSynchronizationN
0010e94c T svcDuplicateHandle
0010e960 T svcGetSystemTick
0010e968 T svcGetSystemInfo
0010e980 T svcConnectToPort
0010e994 T svcSendSyncRequest
0010e99c T svcBreak
0010e9a4 00000024 t addrMapNodeComparator(rbtree_node const*, rbtree_node const*)
0010e9c8 00000004 t addrMapNodeDestructor(rbtree_node*)
0010e9cc 000000e8 T mappableAlloc
0010eab4 00000054 T mappableFree
0010eb08 00000038 t LightLock_Unlock.part.0
0010eb40 0000000c T __sync_init
0010eb4c 00000018 T __sync_fini
0010eb64 00000010 T __sync_get_arbiter
0010eb74 00000018 T LightLock_Init
0010eb8c 00000090 T LightLock_Lock
0010ec1c 00000034 T LightLock_TryLock
0010ec50 00000020 T LightLock_Unlock
0010ec70 00000024 T RecursiveLock_Init
0010ec94 00000030 T RecursiveLock_Lock
0010ecc4 00000058 T RecursiveLock_TryLock
0010ed1c 00000038 T RecursiveLock_Unlock
0010ed54 00000038 T LightEvent_Init
0010ed8c 0000007c T LightEvent_Clear
0010ee08 000000dc T LightEvent_Signal
0010eee4 000000c0 T LightEvent_Wait
0010efa4 00000084 T envGetHandle
0010f028 0000004c T envDestroyHandles
0010f074 00000058 T srvExit
0010f0cc 00000038 T srvRegisterClient
0010f104 000000cc T srvInit
0010f1d0 00000080 T srvGetServiceHandleDirect
0010f250 00000048 T srvGetServiceHandle
0010f298 0000001c t threadFree.part.0
0010f2b4 00000180 T threadCreate
0010f434 00000024 T threadJoin
0010f458 00000068 T threadExit
0010f4c0 00000048 t _thread_begin
0010f508 000000ac T irrstScanInput
0010f5b4 00000024 T irrstKeysHeld
0010f5d8 00000050 T IRRST_GetHandles
0010f628 00000154 T irrstInit
0010f77c 0000002c T IRRST_Shutdown
0010f7a8 000000ac T irrstExit
0010f854 0000000c T srvPmGetSessionHandle
0010f860 00000050 T rbtree_node_next
0010f8b0 00000068 T encode_utf16
0010f918 00000104 T encode_utf8
0010fa1c 00000138 T decode_utf8
0010fb54 0000001c W __appInit
0010fb70 0000001c W __appExit
0010fb8c 000000a0 W __libctru_exit
0010fc2c 00000014 t sdmc_link
0010fc40 00000014 t sdmc_dirreset
0010fc54 00000014 t sdmc_chmod
0010fc68 00000024 t error_cmp
0010fc8c 00000050 t sdmc_translate_error
0010fcdc 00000034 t sdmc_fsync
0010fd10 00000054 t sdmc_ftruncate
0010fd64 000000bc t sdmc_statvfs
0010fe20 00000038 t sdmc_dirclose
0010fe58 0000013c t sdmc_dirnext
0010ff94 00000034 t sdmc_close
0010ffc8 00000070 t sdmc_fstat
00110038 000000d4 t sdmc_seek
0011010c 00000078 t sdmc_read
00110184 000000ac t sdmc_write
00110230 000001b0 t sdmc_utf16path
001103e0 00000074 t sdmc_rmdir
00110454 000000a4 t sdmc_diropen
001104f8 000000ac t sdmc_chdir
001105a4 00000098 t sdmc_mkdir
0011063c 00000108 t sdmc_rename
00110744 00000074 t sdmc_unlink
001107b8 00000108 t sdmc_stat
001108c0 00000198 t sdmc_open
00110a58 00000014 t sdmc_fchmod
00110a6c 00000168 T sdmcInit
00110bd4 00000060 T sdmcExit
00110c34 T __aeabi_read_tp
00110c40 00000244 T cosf
00110e84 00000024 t with_errnof
00110ea8 0000001c T __math_invalidf
00110ec8 0000026c T sinf
00111138 00000108 T fmod
00111240 000003b8 T __ieee754_fmod
001115f8 00000008 T matherr
00111600 00000038 T __aeabi_d2lz
00111600 00000038 T __fixdfdi
00111638 00000040 T __aeabi_d2ulz
00111638 00000040 T __fixunsdfdi
00111678 00000130 T __udivmoddi4
001117a8 0000007c T bsearch
00111824 00000028 T calloc
0011184c 00000094 T _calloc_r
001118e0 0000000c T __errno
001118ec 00000034 T exit
00111920 00000160 T _fclose_r
00111a80 00000020 T fclose
00111aa0 00000278 T __sflush_r
00111d18 00000094 T _fflush_r
00111dac 00000038 T fflush
00111de4 00000078 t std
00111e5c 0000000c T _cleanup_r
00111e68 00000048 T __sfmoreglue
00111eb0 0000008c T __sinit
00111f3c 0000010c T __sfp
00112048 0000000c T __sfp_lock_acquire
00112054 0000000c T __sfp_lock_release
00112060 0000003c T __libc_fini_array
0011209c 00000138 T _fopen_r
001121d4 00000028 T fopen
001121fc 000002e0 T _fread_r
001124dc 00000038 T fread
00112514 000000f8 T _malloc_trim_r
0011260c 000002e8 T _free_r
001128f4 00000020 T _fseek_r
00112914 000005ac T _fseeko_r
00112ec0 00000068 T _fwalk
00112f28 00000070 T _fwalk_reent
00112f98 0000007c T __libc_init_array
00113014 00000094 T __swhatbuf_r
001130a8 000000f8 T __smakebuf_r
001131a0 00000028 T memalign
001131c8 0000014c T _memalign_r
00113314 00000020 T malloc
00113334 00000020 T free
00113354 000007d0 T _malloc_r
00113b24 000000a0 T memcmp
00113bc4 00000120 T memcpy
00113ce4 00000118 T memset
00113dfc 0000000c T __malloc_lock
00113e08 0000000c T __malloc_unlock
00113e14 0000001c T srand
00113e30 00000044 T rand
00113e74 0000001c t lflush
00113e90 000001ac T __srefill_r
0011403c 0000003c T __sread
00114078 00000068 T __swrite
001140e0 00000058 T __sseek
00114138 00000008 T __sclose
00114140 00000144 T strchr
00114284 0000005c T strlen
001142e0 00000098 T strncat
00114378 000000ec T strncmp
00114464 000000c0 T strncpy
00114524 00000048 T strnlen
0011456c 0000003c T time
001145a8 00000118 T __call_exitprocs
001146c0 000000c8 T __sflags
00114788 00000008 t null_write
00114790 00000018 T setDefaultDevice
001147a8 000000c8 T FindDevice
00114870 00000028 T RemoveDevice
00114898 0000009c T AddDevice
00114934 00000078 T _fstat_r
001149ac 00000038 T _gettimeofday_r
001149e4 00000008 T _isatty_r
001149ec 00000084 T _lseek_r
00114a70 000000c4 T _open_r
00114b34 00000080 T _read_r
00114bb4 00000078 T _sbrk_r
00114c2c 00000080 T _write_r
00114cac 00000024 T _exit
00114cd0 000001bc T _concatenate_path
00114e8c 0000015c T chdir
00114fe8 00000008 T __flockfile
00114ff0 00000008 T __funlockfile
00114ff8 00000018 T __libc_lock_acquire
00115010 00000018 T __libc_lock_release
00115028 00000018 T __libc_lock_init_recursive
00115040 00000018 T __libc_lock_acquire_recursive
00115058 00000018 T __libc_lock_release_recursive
00115070 00000018 T __libc_lock_close_recursive
00115088 0000008c T __release_handle
00115114 000000b4 T __alloc_handle
001151c8 0000003c T __get_handle
00115204 000000f8 T _close_r
001152fc 00000028 T __getreent
00115324 00000044 T strrchr
00115368 T _fini
00116000 R render2d_shbin
0011618c R render2d_shbin_end
0011618c R render2d_shbin_size
001161f0 00000038 r CSWTCH.11
00116228 00000005 r colorFmtSizes
00116230 00000004 r depthFmtSizes
00116234 00000010 r CSWTCH.7
00116278 00000014 r CSWTCH.62
0011628c 00000008 r framebufferInfoSt
00116304 00000030 r error_table
00116334 00000060 R __inv_pio4
00116398 000000e0 R __sincosf_table
00116480 00000010 r Zero
00116490 00000004 R _global_impure_ptr
0011649c 00000070 R dotab_stdnull
0011650c 00000101 R _ctype_
00116610 r 
00116610 R __exidx_end
00116610 R __exidx_start
00117000 00000001 D firstTurn
00117004 00000004 D max_weapons
00117008 00000004 D max_enemy
0011700c 00000004 D weapon_speed
00117010 00000004 D player_hearts
00117014 W __stacksize__
00117018 00000004 d framerate
0011701c 00000008 d framerateCounter
00117024 00000070 d romFS_devoptab
00117094 00000001 d botFormat
00117098 00000008 d doubleBuf
001170a0 00000001 d topFormat
001170a4 00000004 d queueLock
001170a8 00000004 d gspLastEvent
001170ac 00000004 d aptFlags
001170b0 00000001 d aptHomeAllowed
001170b4 00000004 V __ctru_linear_heap_size
001170b8 00000401 d __cwd
001174bc 00000070 d sdmc_devoptab
0011752c 00000001 D __fdlib_version
00117530 0000000c d __sfp_recursive_mutex
0011753c 0000000c d __sinit_recursive_mutex
00117548 00000004 D _impure_ptr
00117550 00000460 d impure_data
001179b0 00000408 D __malloc_av_
00117db8 00000004 D __malloc_sbrk_base
00117dbc 00000004 D __malloc_trim_threshold
00117dc0 0000000c d __malloc_recursive_mutex
00117dcc 0000000c D __atexit_recursive_mutex
00117dd8 00000004 d defaultDevice
00117ddc 0000008c D devoptab_list
00117e68 00000400 d _current_working_directory
00118268 00000004 d __hndl_lock
0011826c 0000000c d __stderr_handle
00118278 0000000c d __stdin_handle
00118284 0000000c d __stdout_handle
00118290 00001000 d handles
00119290 t __frame_dummy_init_array_entry
00119290 T __init_array_start
00119290 B __preinit_array_end
00119290 B __preinit_array_start
00119290 D __tdata_lma
00119290 D __tdata_lma_end
00119290 D __TMC_END__
00119290 d __TMC_LIST__
00119294 t __do_global_dtors_aux_fini_array_entry
00119294 T __fini_array_start
00119294 T __init_array_end
00119298 T __bss_start__
00119298 T __fini_array_end
00119298 00000004 b spriteSheet_players
0011929c 00000004 b spriteSheet_map
001192a0 00000004 B SaveScene_ID
001192a4 00000004 B sprites_used
001192a8 00000004 B camera_x
001192ac 00000004 B camera_y
001192b0 00000001 B RenderDistanceOptimize
001192b4 00000004 B distanse
001192b8 00016704 b sprites
0012f9bc 00000004 B weapon_rotate
0012f9c0 b saved_stack
0012f9c8 b completed.10434
0012f9cc b object.10439
0012f9e4 00000040 b s_projBot
0012fa24 00000040 b s_projTop
0012fa64 00000004 b uLoc_mdlvMtx
0012fa68 00000004 b uLoc_projMtx
0012fa6c 0000000c b hookCookie
0012fa78 00000010 b cpuTime
0012fa88 00000004 b firstTarget
0012fa8c 00000008 b frameCounter
0012fa94 00000004 b frameEndCb
0012fa98 00000004 b frameEndCbData
0012fa9c 00000001 b frameStage
0012faa0 00000010 b gpuTime
0012fab0 00000001 b inFrame
0012fab1 00000001 b inSafeTransfer
0012fab2 00000001 b initialized
0012fab4 00000004 b lastTarget
0012fab8 0000000c b linkedTarget
0012fac4 00000001 b measureGpuTime
0012fac8 000000c0 b C3Di_FVUnifEverDirty
0012fb88 00000008 b C3Di_IVUnifEverDirty
0012fb90 00000018 b C3Di_ShaderFVecData
0012fba8 0000000c b sAddrMap
0012fbb4 00000008 b sVramPool
0012fbbc 00000008 b sLinearPool
0012fbc4 0000000c b sAddrMap
0012fbd0 00000401 b __component
0012ffd4 00000004 V __romfs_path
0012ffd8 00000802 b __utf16path
001307dc 00000004 b romfs_mount_list
001307e0 00000001 V __ctru_speedup
001307e4 00000002 b currentBuffer
001307e6 00000001 b enable3d
001307e8 00000004 b screenAlloc
001307ec 00000004 b screenFree
001307f0 00000004 b boundQueue
001307f4 00000004 b curQueue
001307f8 00000001 b isActive
001307f9 00000001 b isRunning
001307fa 00000001 b shouldStop
001307fc 00000004 b gspEvent
00130800 0000001c b gspEventCb
0013081c 0000001c b gspEventCbData
00130838 00000007 b gspEventCbOneShot
00130840 0000001c b gspEventCounts
0013085c 00000004 b gspEventData
00130860 00000004 b gspEventThread
00130864 00000038 b gspEvents
0013089c 00000004 b gspRefCount
001308a0 00000001 b gspRunEvents
001308a1 00000001 b aptChainloadMediatype
001308a8 00000008 b aptChainloadTid
001308b0 00000004 b aptEventHandlerThread
001308b4 0000000c b aptEvents
001308c0 0000000c b aptFirstHook
001308cc 00000001 b aptHomeButtonState
001308d0 00000004 b aptLockHandle
001308d4 00000004 b aptMessageFunc
001308d8 00000004 b aptMessageFuncData
001308dc 00001000 b aptParameters
001318dc 00000001 b aptRecentHomeButtonState
001318e0 00000004 b aptRefCount
001318e4 00000008 b aptSleepEvent
001318ec 00000001 b flagInit.8300
001318ed 00000001 b flagValue.8301
001318f0 00000004 b serviceName.7930
001318f4 00000006 b aVec
001318fc 00000004 b cPos
00131900 00000006 b gRate
00131908 00000004 b hidRefCount
0013190c 00000004 b kDown
00131910 00000004 b kHeld
00131914 00000004 b kOld
00131918 00000004 b kUp
0013191c 00000004 b tPos
00131920 00000004 b ptmSysmHandle
00131924 00000004 b ptmSysmRefCount
00131928 00000080 b fsExemptArchives
001319a8 00000004 b fsuHandle
001319ac 00000004 b fsuRefCount
001319b0 00000004 V __ctru_heap_size
001319b4 00000008 b sMappablePool
001319bc 0000000c b sAddrMap
001319c8 00000004 b arbiter
001319cc 00000004 b srvHandle
001319d0 00000004 b srvRefCount
001319d4 00000004 b csPos
001319d8 00000004 b irrstRefCount
001319dc 00000004 b kHeld
001319e0 00000004 b srvPmHandle
001319e8 00000008 b sdmcArchive
001319f0 00000001 b sdmcInitialised
001319f4 00000028 B __malloc_current_mallinfo
00131a1c 00000004 B __malloc_max_sbrked_mem
00131a20 00000004 B __malloc_max_total_mem
00131a24 00000004 B __malloc_top_pad
00131a28 00000004 b heap_start.7420
00131a2c 00000004 B fake_heap_end
00131a30 00000004 B fake_heap_start
00131a34 00000400 b temp_cwd
00131e34 00000048 B __syscalls
00131e7c 0000018c B timer
00132008 00000063 B timerdone
0013206c 00000f9c B sprite_id_arr
00133008 000005a0 B __C2Di_Context
001335a8 000002d0 B __C3D_Context
00133878 00000020 B C3D_IVUnif
00133898 000000c0 B C3D_FVUnifDirty
00133958 00000002 B C3D_BoolUnifsDirty
0013395c 00000008 B C3D_IVUnifDirty
00133964 00000004 B C3D_BoolUnifs
00133968 00000c00 B C3D_FVUnif
00134568 00000008 B gfxBottomFramebuffers
00134570 00000004 B gspSharedMemHandle
00134574 0000001c B bottomFramebufferInfo
00134590 00000004 B gspEvent
00134594 00000008 B gfxTopLeftFramebuffers
0013459c 00000008 B gfxTopRightFramebuffers
001345a4 0000001c B topFramebufferInfo
001345c0 00000001 B gfxThreadID
001345c4 00000004 B gfxSharedMemory
001345c8 00000004 B gfxTopFramebufferMaxSize
001345cc 00000004 B gfxBottomFramebufferMaxSize
001345d0 00000004 B gxCmdBuf
001345d4 00000004 B gpuCmdBuf
001345d8 00000004 B gpuCmdBufOffset
001345dc 00000004 B gpuCmdBufSize
001345e0 00000004 B gspGpuHandle
001345e4 00000004 B hidMemHandle
001345e8 00000004 B hidHandle
001345ec 00000004 B hidSharedMem
001345f0 00000014 B hidEvents
00134604 00000004 B __system_retAddr
00134608 00000004 B __ctru_linear_heap
0013460c 00000004 B __ctru_heap
00134610 00000004 B __system_argv
00134614 00000004 B __system_argc
00134618 00000004 B irrstHandle
0013461c 00000004 B irrstEvent
00134620 00000004 B irrstMemHandle
00134624 00000004 B irrstSharedMem
00134628 B __tls_start
00135a34 B __bss_end__
00135a34 A __end__
00135a34 B __tls_end
